** Open LOG File ** 
2016-08-04 11:29:37 (V2 WPBackItUp_Backup::save_folder_inventory) INFO: **BEGIN**
2016-08-04 11:29:37 (V2 WPBackItUp_Backup::save_folder_inventory) INFO: Root Path: E:\OpenServer\domains\kafe/wp-content/uploads
2016-08-04 11:29:37 (V2 WPBackItUp_Backup::save_folder_inventory) INFO: Exclude: array (
  0 => '.htaccess',
  1 => '',
  2 => 'backup',
  3 => 'backwpup',
  4 => 'updraft',
  5 => 'wp-clone',
  6 => 'backwpup',
  7 => 'backupwordpress',
  8 => 'cache',
  9 => 'backupcreator',
  10 => 'backupbuddy',
)
2016-08-04 11:29:37 (V2 WPBackItUp_Backup::save_folder_inventory) INFO: ***
2016-08-04 11:29:38 (V2 WPBackItUp_Backup::save_folder_inventory) INFO: Add File: 1 2016/02/art-002-150x150.jpg
2016-08-04 11:29:38 (V2 WPBackItUp_Backup::save_folder_inventory) INFO: Add File: 2 2016/02/art-002-300x255.jpg
2016-08-04 11:29:38 (V2 WPBackItUp_Backup::save_folder_inventory) INFO: Add File: 3 2016/02/art-002.jpg
2016-08-04 11:29:38 (V2 WPBackItUp_Backup::save_folder_inventory) INFO: Add File: 4 2016/02/art-01-150x150.jpg
2016-08-04 11:29:38 (V2 WPBackItUp_Backup::save_folder_inventory) INFO: Add File: 5 2016/02/art-01-261x300.jpg
2016-08-04 11:29:38 (V2 WPBackItUp_Backup::save_folder_inventory) INFO: Add File: 6 2016/02/art-01.jpg
2016-08-04 11:29:38 (V2 WPBackItUp_Backup::save_folder_inventory) INFO: Add File: 7 2016/02/art-03-150x150.jpg
2016-08-04 11:29:38 (V2 WPBackItUp_Backup::save_folder_inventory) INFO: Add File: 8 2016/02/art-03-171x300.jpg
2016-08-04 11:29:38 (V2 WPBackItUp_Backup::save_folder_inventory) INFO: Add File: 9 2016/02/art-03.jpg
2016-08-04 11:29:38 (V2 WPBackItUp_Backup::save_folder_inventory) INFO: Add File: 10 2016/02/art-04-150x150.jpg
2016-08-04 11:29:38 (V2 WPBackItUp_Backup::save_folder_inventory) INFO: Add File: 11 2016/02/art-04-171x300.jpg
2016-08-04 11:29:38 (V2 WPBackItUp_Backup::save_folder_inventory) INFO: Add File: 12 2016/02/art-04.jpg
2016-08-04 11:29:38 (V2 WPBackItUp_Backup::save_folder_inventory) INFO: Add File: 13 2016/02/art-apps-1024x335.png
2016-08-04 11:29:38 (V2 WPBackItUp_Backup::save_folder_inventory) INFO: Add File: 14 2016/02/art-apps-150x150.png
2016-08-04 11:29:38 (V2 WPBackItUp_Backup::save_folder_inventory) INFO: Add File: 15 2016/02/art-apps-300x98.png
2016-08-04 11:29:38 (V2 WPBackItUp_Backup::save_folder_inventory) INFO: Add File: 16 2016/02/art-apps-768x251.png
2016-08-04 11:29:38 (V2 WPBackItUp_Backup::save_folder_inventory) INFO: Add File: 17 2016/02/art-apps.png
2016-08-04 11:29:38 (V2 WPBackItUp_Backup::save_folder_inventory) INFO: Add File: 18 2016/02/art-schar-150x150.png
2016-08-04 11:29:38 (V2 WPBackItUp_Backup::save_folder_inventory) INFO: Add File: 19 2016/02/art-schar-266x300.png
2016-08-04 11:29:38 (V2 WPBackItUp_Backup::save_folder_inventory) INFO: Add File: 20 2016/02/art-schar-768x866.png
2016-08-04 11:29:38 (V2 WPBackItUp_Backup::save_folder_inventory) INFO: Add File: 21 2016/02/art-schar-908x1024.png
2016-08-04 11:29:38 (V2 WPBackItUp_Backup::save_folder_inventory) INFO: Add File: 22 2016/02/art-schar.png
2016-08-04 11:29:38 (V2 WPBackItUp_Backup::save_folder_inventory) INFO: Add File: 23 2016/02/art-tracker-150x150.png
2016-08-04 11:29:38 (V2 WPBackItUp_Backup::save_folder_inventory) INFO: Add File: 24 2016/02/art-tracker-273x300.png
2016-08-04 11:29:38 (V2 WPBackItUp_Backup::save_folder_inventory) INFO: Add File: 25 2016/02/art-tracker.png
2016-08-04 11:29:38 (V2 WPBackItUp_Backup::save_folder_inventory) INFO: Add File: 26 2016/02/atr-022-150x150.jpg
2016-08-04 11:29:38 (V2 WPBackItUp_Backup::save_folder_inventory) INFO: Add File: 27 2016/02/atr-022-264x300.jpg
2016-08-04 11:29:38 (V2 WPBackItUp_Backup::save_folder_inventory) INFO: Add File: 28 2016/02/atr-022-768x872.jpg
2016-08-04 11:29:38 (V2 WPBackItUp_Backup::save_folder_inventory) INFO: Add File: 29 2016/02/atr-022.jpg
2016-08-04 11:29:38 (V2 WPBackItUp_Backup::save_folder_inventory) INFO: Add File: 30 2016/02/coffee_back-1024x394.jpg
2016-08-04 11:29:38 (V2 WPBackItUp_Backup::save_folder_inventory) INFO: Add File: 31 2016/02/coffee_back-150x150.jpg
2016-08-04 11:29:38 (V2 WPBackItUp_Backup::save_folder_inventory) INFO: Add File: 32 2016/02/coffee_back-300x115.jpg
2016-08-04 11:29:38 (V2 WPBackItUp_Backup::save_folder_inventory) INFO: Add File: 33 2016/02/coffee_back-768x295.jpg
2016-08-04 11:29:38 (V2 WPBackItUp_Backup::save_folder_inventory) INFO: Add File: 34 2016/02/coffee_back.jpg
2016-08-04 11:29:38 (V2 WPBackItUp_Backup::save_folder_inventory) INFO: Add File: 35 2016/02/coffee_back2-1024x394.jpg
2016-08-04 11:29:38 (V2 WPBackItUp_Backup::save_folder_inventory) INFO: Add File: 36 2016/02/coffee_back2-150x150.jpg
2016-08-04 11:29:38 (V2 WPBackItUp_Backup::save_folder_inventory) INFO: Add File: 37 2016/02/coffee_back2-300x115.jpg
2016-08-04 11:29:38 (V2 WPBackItUp_Backup::save_folder_inventory) INFO: Add File: 38 2016/02/coffee_back2-768x295.jpg
2016-08-04 11:29:38 (V2 WPBackItUp_Backup::save_folder_inventory) INFO: Add File: 39 2016/02/coffee_back2.jpg
2016-08-04 11:29:38 (V2 WPBackItUp_Backup::save_folder_inventory) INFO: Add File: 40 2016/02/coffee_back3-1024x394.jpg
2016-08-04 11:29:38 (V2 WPBackItUp_Backup::save_folder_inventory) INFO: Add File: 41 2016/02/coffee_back3-150x150.jpg
2016-08-04 11:29:38 (V2 WPBackItUp_Backup::save_folder_inventory) INFO: Add File: 42 2016/02/coffee_back3-300x115.jpg
2016-08-04 11:29:38 (V2 WPBackItUp_Backup::save_folder_inventory) INFO: Add File: 43 2016/02/coffee_back3-768x295.jpg
2016-08-04 11:29:38 (V2 WPBackItUp_Backup::save_folder_inventory) INFO: Add File: 44 2016/02/coffee_back3.jpg
2016-08-04 11:29:38 (V2 WPBackItUp_Backup::save_folder_inventory) INFO: Add File: 45 2016/02/coffee_left-1024x658.jpg
2016-08-04 11:29:38 (V2 WPBackItUp_Backup::save_folder_inventory) INFO: Add File: 46 2016/02/coffee_left-150x150.jpg
2016-08-04 11:29:38 (V2 WPBackItUp_Backup::save_folder_inventory) INFO: Add File: 47 2016/02/coffee_left-300x193.jpg
2016-08-04 11:29:38 (V2 WPBackItUp_Backup::save_folder_inventory) INFO: Add File: 48 2016/02/coffee_left-559x642.jpg
2016-08-04 11:29:38 (V2 WPBackItUp_Backup::save_folder_inventory) INFO: Add File: 49 2016/02/coffee_left-768x493.jpg
2016-08-04 11:29:38 (V2 WPBackItUp_Backup::save_folder_inventory) INFO: Add File: 50 2016/02/coffee_left.jpg
2016-08-04 11:29:38 (V2 WPBackItUp_Backup::save_folder_inventory) INFO: Add File: 51 2016/02/icomoon-elegent-line-icons-32x32.zip
2016-08-04 11:29:38 (V2 WPBackItUp_Backup::save_folder_inventory) INFO: Add File: 52 2016/02/icomoon-feather-24x24-1.zip
2016-08-04 11:29:38 (V2 WPBackItUp_Backup::save_folder_inventory) INFO: Add File: 53 2016/02/icomoon-feather-24x24.zip
2016-08-04 11:29:38 (V2 WPBackItUp_Backup::save_folder_inventory) INFO: Add File: 54 2016/02/pachka1-150x150.jpg
2016-08-04 11:29:38 (V2 WPBackItUp_Backup::save_folder_inventory) INFO: Add File: 55 2016/02/pachka1-186x300.jpg
2016-08-04 11:29:38 (V2 WPBackItUp_Backup::save_folder_inventory) INFO: Add File: 56 2016/02/pachka1.jpg
2016-08-04 11:29:38 (V2 WPBackItUp_Backup::save_folder_inventory) INFO: Add File: 57 2016/02/pachka2-150x150.jpg
2016-08-04 11:29:38 (V2 WPBackItUp_Backup::save_folder_inventory) INFO: Add File: 58 2016/02/pachka2-186x300.jpg
2016-08-04 11:29:38 (V2 WPBackItUp_Backup::save_folder_inventory) INFO: Add File: 59 2016/02/pachka2.jpg
2016-08-04 11:29:38 (V2 WPBackItUp_Backup::save_folder_inventory) INFO: Add File: 60 2016/02/pachka3-150x150.jpg
2016-08-04 11:29:38 (V2 WPBackItUp_Backup::save_folder_inventory) INFO: Add File: 61 2016/02/pachka3-185x300.jpg
2016-08-04 11:29:38 (V2 WPBackItUp_Backup::save_folder_inventory) INFO: Add File: 62 2016/02/pachka3.jpg
2016-08-04 11:29:38 (V2 WPBackItUp_Backup::save_folder_inventory) INFO: Add File: 63 2016/02/partner-150x150.png
2016-08-04 11:29:38 (V2 WPBackItUp_Backup::save_folder_inventory) INFO: Add File: 64 2016/02/partner-300x214.png
2016-08-04 11:29:38 (V2 WPBackItUp_Backup::save_folder_inventory) INFO: Add File: 65 2016/02/partner.png
2016-08-04 11:29:38 (V2 WPBackItUp_Backup::save_folder_inventory) INFO: Add File: 66 2016/02/price_coffee-1024x553.jpg
2016-08-04 11:29:38 (V2 WPBackItUp_Backup::save_folder_inventory) INFO: Add File: 67 2016/02/price_coffee-150x150.jpg
2016-08-04 11:29:38 (V2 WPBackItUp_Backup::save_folder_inventory) INFO: Add File: 68 2016/02/price_coffee-300x162.jpg
2016-08-04 11:29:38 (V2 WPBackItUp_Backup::save_folder_inventory) INFO: Add File: 69 2016/02/price_coffee-768x415.jpg
2016-08-04 11:29:38 (V2 WPBackItUp_Backup::save_folder_inventory) INFO: Add File: 70 2016/02/price_coffee.jpg
2016-08-04 11:29:38 (V2 WPBackItUp_Backup::save_folder_inventory) INFO: Add File: 71 2016/02/price_coffee2-1024x703.jpg
2016-08-04 11:29:38 (V2 WPBackItUp_Backup::save_folder_inventory) INFO: Add File: 72 2016/02/price_coffee2-150x150.jpg
2016-08-04 11:29:38 (V2 WPBackItUp_Backup::save_folder_inventory) INFO: Add File: 73 2016/02/price_coffee2-300x206.jpg
2016-08-04 11:29:38 (V2 WPBackItUp_Backup::save_folder_inventory) INFO: Add File: 74 2016/02/price_coffee2-768x528.jpg
2016-08-04 11:29:38 (V2 WPBackItUp_Backup::save_folder_inventory) INFO: Add File: 75 2016/02/price_coffee2.jpg
2016-08-04 11:29:38 (V2 WPBackItUp_Backup::save_folder_inventory) INFO: Add File: 76 2016/02/scr-001-150x150.jpg
2016-08-04 11:29:38 (V2 WPBackItUp_Backup::save_folder_inventory) INFO: Add File: 77 2016/02/scr-001.jpg
2016-08-04 11:29:38 (V2 WPBackItUp_Backup::save_folder_inventory) INFO: Add File: 78 2016/02/scr-002-150x150.jpg
2016-08-04 11:29:38 (V2 WPBackItUp_Backup::save_folder_inventory) INFO: Add File: 79 2016/02/scr-002.jpg
2016-08-04 11:29:38 (V2 WPBackItUp_Backup::save_folder_inventory) INFO: Add File: 80 2016/02/scr-003-150x150.jpg
2016-08-04 11:29:38 (V2 WPBackItUp_Backup::save_folder_inventory) INFO: Add File: 81 2016/02/scr-003.jpg
2016-08-04 11:29:38 (V2 WPBackItUp_Backup::save_folder_inventory) INFO: Add File: 82 2016/02/scr-010-1024x791.jpg
2016-08-04 11:29:38 (V2 WPBackItUp_Backup::save_folder_inventory) INFO: Add File: 83 2016/02/scr-010-150x150.jpg
2016-08-04 11:29:38 (V2 WPBackItUp_Backup::save_folder_inventory) INFO: Add File: 84 2016/02/scr-010-300x232.jpg
2016-08-04 11:29:38 (V2 WPBackItUp_Backup::save_folder_inventory) INFO: Add File: 85 2016/02/scr-010-500x500.jpg
2016-08-04 11:29:38 (V2 WPBackItUp_Backup::save_folder_inventory) INFO: Add File: 86 2016/02/scr-010-768x593.jpg
2016-08-04 11:29:38 (V2 WPBackItUp_Backup::save_folder_inventory) INFO: Add File: 87 2016/02/scr-010.jpg
2016-08-04 11:29:38 (V2 WPBackItUp_Backup::save_folder_inventory) INFO: Add File: 88 2016/02/scr-019-150x150.jpg
2016-08-04 11:29:38 (V2 WPBackItUp_Backup::save_folder_inventory) INFO: Add File: 89 2016/02/scr-019-270x300.jpg
2016-08-04 11:29:38 (V2 WPBackItUp_Backup::save_folder_inventory) INFO: Add File: 90 2016/02/scr-019.jpg
2016-08-04 11:29:38 (V2 WPBackItUp_Backup::save_folder_inventory) INFO: Add File: 91 2016/02/scr-020-150x150.jpg
2016-08-04 11:29:38 (V2 WPBackItUp_Backup::save_folder_inventory) INFO: Add File: 92 2016/02/scr-020-270x300.jpg
2016-08-04 11:29:38 (V2 WPBackItUp_Backup::save_folder_inventory) INFO: Add File: 93 2016/02/scr-020.jpg
2016-08-04 11:29:38 (V2 WPBackItUp_Backup::save_folder_inventory) INFO: Add File: 94 2016/02/scr-023-150x150.jpg
2016-08-04 11:29:38 (V2 WPBackItUp_Backup::save_folder_inventory) INFO: Add File: 95 2016/02/scr-023-270x300.jpg
2016-08-04 11:29:38 (V2 WPBackItUp_Backup::save_folder_inventory) INFO: Add File: 96 2016/02/scr-023.jpg
2016-08-04 11:29:38 (V2 WPBackItUp_Backup::save_folder_inventory) INFO: Add File: 97 2016/02/w-col-01-150x150.jpg
2016-08-04 11:29:38 (V2 WPBackItUp_Backup::save_folder_inventory) INFO: Add File: 98 2016/02/w-col-01-263x300.jpg
2016-08-04 11:29:38 (V2 WPBackItUp_Backup::save_folder_inventory) INFO: Add File: 99 2016/02/w-col-01.jpg
2016-08-04 11:29:38 (V2 WPBackItUp_Backup::save_folder_inventory) INFO: Add File: 100 2016/02/w-col-02-150x150.jpg
2016-08-04 11:29:38 (V2 WPBackItUp_Backup::save_folder_inventory) INFO: Add File: 101 2016/02/w-col-02-263x300.jpg
2016-08-04 11:29:38 (V2 WPBackItUp_Backup::save_folder_inventory) INFO: Add File: 102 2016/02/w-col-02.jpg
2016-08-04 11:29:38 (V2 WPBackItUp_Backup::save_folder_inventory) INFO: Add File: 103 2016/02/w-col-03-150x150.jpg
2016-08-04 11:29:38 (V2 WPBackItUp_Backup::save_folder_inventory) INFO: Add File: 104 2016/02/w-col-03-263x300.jpg
2016-08-04 11:29:38 (V2 WPBackItUp_Backup::save_folder_inventory) INFO: Add File: 105 2016/02/w-col-03.jpg
2016-08-04 11:29:38 (V2 WPBackItUp_Backup::save_folder_inventory) INFO: Add File: 106 2016/02/w-col-04-150x150.jpg
2016-08-04 11:29:38 (V2 WPBackItUp_Backup::save_folder_inventory) INFO: Add File: 107 2016/02/w-col-04-263x300.jpg
2016-08-04 11:29:38 (V2 WPBackItUp_Backup::save_folder_inventory) INFO: Add File: 108 2016/02/w-col-04.jpg
2016-08-04 11:29:38 (V2 WPBackItUp_Backup::save_folder_inventory) INFO: Add File: 109 2016/02/w-col-05-150x150.jpg
2016-08-04 11:29:38 (V2 WPBackItUp_Backup::save_folder_inventory) INFO: Add File: 110 2016/02/w-col-05-263x300.jpg
2016-08-04 11:29:38 (V2 WPBackItUp_Backup::save_folder_inventory) INFO: Add File: 111 2016/02/w-col-05.jpg
2016-08-04 11:29:38 (V2 WPBackItUp_Backup::save_folder_inventory) INFO: Add File: 112 2016/02/w011-1024x533.jpg
2016-08-04 11:29:38 (V2 WPBackItUp_Backup::save_folder_inventory) INFO: Add File: 113 2016/02/w011-150x150.jpg
2016-08-04 11:29:38 (V2 WPBackItUp_Backup::save_folder_inventory) INFO: Add File: 114 2016/02/w011-300x156.jpg
2016-08-04 11:29:38 (V2 WPBackItUp_Backup::save_folder_inventory) INFO: Add File: 115 2016/02/w011-768x400.jpg
2016-08-04 11:29:38 (V2 WPBackItUp_Backup::save_folder_inventory) INFO: Add File: 116 2016/02/w011.jpg
2016-08-04 11:29:39 (V2 WPBackItUp_Backup::save_folder_inventory) INFO: Add File: 117 2016/03/art-slider-green-watch-150x150.png
2016-08-04 11:29:39 (V2 WPBackItUp_Backup::save_folder_inventory) INFO: Add File: 118 2016/03/art-slider-green-watch-165x1024.png
2016-08-04 11:29:39 (V2 WPBackItUp_Backup::save_folder_inventory) INFO: Add File: 119 2016/03/art-slider-green-watch-48x300.png
2016-08-04 11:29:39 (V2 WPBackItUp_Backup::save_folder_inventory) INFO: Add File: 120 2016/03/art-slider-green-watch.png
2016-08-04 11:29:39 (V2 WPBackItUp_Backup::save_folder_inventory) INFO: Add File: 121 2016/03/art-slider-mob-150x150.png
2016-08-04 11:29:39 (V2 WPBackItUp_Backup::save_folder_inventory) INFO: Add File: 122 2016/03/art-slider-mob-300x276.png
2016-08-04 11:29:39 (V2 WPBackItUp_Backup::save_folder_inventory) INFO: Add File: 123 2016/03/art-slider-mob.png
2016-08-04 11:29:39 (V2 WPBackItUp_Backup::save_folder_inventory) INFO: Add File: 124 2016/03/art-slider-white-watch-150x150.png
2016-08-04 11:29:39 (V2 WPBackItUp_Backup::save_folder_inventory) INFO: Add File: 125 2016/03/art-slider-white-watch-169x1024.png
2016-08-04 11:29:39 (V2 WPBackItUp_Backup::save_folder_inventory) INFO: Add File: 126 2016/03/art-slider-white-watch-50x300.png
2016-08-04 11:29:39 (V2 WPBackItUp_Backup::save_folder_inventory) INFO: Add File: 127 2016/03/art-slider-white-watch.png
2016-08-04 11:29:39 (V2 WPBackItUp_Backup::save_folder_inventory) INFO: Add File: 128 2016/03/bg-rev-art-blue-150x150.png
2016-08-04 11:29:39 (V2 WPBackItUp_Backup::save_folder_inventory) INFO: Add File: 129 2016/03/bg-rev-art-blue-300x300.png
2016-08-04 11:29:39 (V2 WPBackItUp_Backup::save_folder_inventory) INFO: Add File: 130 2016/03/bg-rev-art-blue-768x767.png
2016-08-04 11:29:39 (V2 WPBackItUp_Backup::save_folder_inventory) INFO: Add File: 131 2016/03/bg-rev-art-blue.png
2016-08-04 11:29:39 (V2 WPBackItUp_Backup::save_folder_inventory) INFO: Add File: 132 2016/03/bg-rev-art-pink-1024x624.png
2016-08-04 11:29:39 (V2 WPBackItUp_Backup::save_folder_inventory) INFO: Add File: 133 2016/03/bg-rev-art-pink-150x150.png
2016-08-04 11:29:39 (V2 WPBackItUp_Backup::save_folder_inventory) INFO: Add File: 134 2016/03/bg-rev-art-pink-300x183.png
2016-08-04 11:29:39 (V2 WPBackItUp_Backup::save_folder_inventory) INFO: Add File: 135 2016/03/bg-rev-art-pink-768x468.png
2016-08-04 11:29:39 (V2 WPBackItUp_Backup::save_folder_inventory) INFO: Add File: 136 2016/03/bg-rev-art-pink.png
2016-08-04 11:29:39 (V2 WPBackItUp_Backup::save_folder_inventory) INFO: Add File: 137 2016/03/icomoon-social-the7-app.zip
2016-08-04 11:29:39 (V2 WPBackItUp_Backup::save_folder_inventory) INFO: Add File: 138 2016/03/logo-150x50.png
2016-08-04 11:29:39 (V2 WPBackItUp_Backup::save_folder_inventory) INFO: Add File: 139 2016/03/logo-pr-150x26.png
2016-08-04 11:29:39 (V2 WPBackItUp_Backup::save_folder_inventory) INFO: Add File: 140 2016/03/logo-pr-hd-150x52.png
2016-08-04 11:29:39 (V2 WPBackItUp_Backup::save_folder_inventory) INFO: Add File: 141 2016/03/logo-pr-hd-300x49.png
2016-08-04 11:29:39 (V2 WPBackItUp_Backup::save_folder_inventory) INFO: Add File: 142 2016/03/logo-pr-hd.png
2016-08-04 11:29:39 (V2 WPBackItUp_Backup::save_folder_inventory) INFO: Add File: 143 2016/03/logo-pr.png
2016-08-04 11:29:39 (V2 WPBackItUp_Backup::save_folder_inventory) INFO: Add File: 144 2016/03/logo.png
2016-08-04 11:29:39 (V2 WPBackItUp_Backup::save_folder_inventory) INFO: Add File: 145 2016/03/logo2x-150x100.png
2016-08-04 11:29:39 (V2 WPBackItUp_Backup::save_folder_inventory) INFO: Add File: 146 2016/03/logo2x-300x93.png
2016-08-04 11:29:39 (V2 WPBackItUp_Backup::save_folder_inventory) INFO: Add File: 147 2016/03/logo2x.png
2016-08-04 11:29:39 (V2 WPBackItUp_Backup::save_folder_inventory) INFO: Add File: 148 2016/03/slider-image-1024x591.jpg
2016-08-04 11:29:39 (V2 WPBackItUp_Backup::save_folder_inventory) INFO: Add File: 149 2016/03/slider-image-150x150.jpg
2016-08-04 11:29:39 (V2 WPBackItUp_Backup::save_folder_inventory) INFO: Add File: 150 2016/03/slider-image-300x173.jpg
2016-08-04 11:29:39 (V2 WPBackItUp_Backup::save_folder_inventory) INFO: Add File: 151 2016/03/slider-image-768x443.jpg
2016-08-04 11:29:39 (V2 WPBackItUp_Backup::save_folder_inventory) INFO: Add File: 152 2016/03/slider-image.jpg
2016-08-04 11:29:39 (V2 WPBackItUp_Backup::save_folder_inventory) INFO: Add File: 153 2016/03/SLIDE_COFFEEfinal3-100x50.jpg
2016-08-04 11:29:39 (V2 WPBackItUp_Backup::save_folder_inventory) INFO: Add File: 154 2016/03/SLIDE_COFFEEfinal3-1024x424.jpg
2016-08-04 11:29:39 (V2 WPBackItUp_Backup::save_folder_inventory) INFO: Add File: 155 2016/03/SLIDE_COFFEEfinal3-150x150.jpg
2016-08-04 11:29:39 (V2 WPBackItUp_Backup::save_folder_inventory) INFO: Add File: 156 2016/03/SLIDE_COFFEEfinal3-300x124.jpg
2016-08-04 11:29:39 (V2 WPBackItUp_Backup::save_folder_inventory) INFO: Add File: 157 2016/03/SLIDE_COFFEEfinal3-768x318.jpg
2016-08-04 11:29:39 (V2 WPBackItUp_Backup::save_folder_inventory) INFO: Add File: 158 2016/03/SLIDE_COFFEEfinal3.jpg
2016-08-04 11:29:39 (V2 WPBackItUp_Backup::save_folder_inventory) INFO: Add File: 159 2016/03/the7-new-fav-hd1.gif
2016-08-04 11:29:39 (V2 WPBackItUp_Backup::save_folder_inventory) INFO: Add File: 160 2016/03/the7-new-fav1.gif
2016-08-04 11:29:39 (V2 WPBackItUp_Backup::save_folder_inventory) INFO: Add File: 161 2016/04/article1.1-150x150.jpg
2016-08-04 11:29:39 (V2 WPBackItUp_Backup::save_folder_inventory) INFO: Add File: 162 2016/04/article1.1-300x190.jpg
2016-08-04 11:29:39 (V2 WPBackItUp_Backup::save_folder_inventory) INFO: Add File: 163 2016/04/article1.1-768x486.jpg
2016-08-04 11:29:39 (V2 WPBackItUp_Backup::save_folder_inventory) INFO: Add File: 164 2016/04/article1.1.jpg
2016-08-04 11:29:39 (V2 WPBackItUp_Backup::save_folder_inventory) INFO: Add File: 165 2016/04/article1.2-150x150.jpg
2016-08-04 11:29:39 (V2 WPBackItUp_Backup::save_folder_inventory) INFO: Add File: 166 2016/04/article1.2-300x186.jpg
2016-08-04 11:29:39 (V2 WPBackItUp_Backup::save_folder_inventory) INFO: Add File: 167 2016/04/article1.2.jpg
2016-08-04 11:29:39 (V2 WPBackItUp_Backup::save_folder_inventory) INFO: Add File: 168 2016/04/article1.3-150x150.jpg
2016-08-04 11:29:39 (V2 WPBackItUp_Backup::save_folder_inventory) INFO: Add File: 169 2016/04/article1.3-300x200.jpg
2016-08-04 11:29:39 (V2 WPBackItUp_Backup::save_folder_inventory) INFO: Add File: 170 2016/04/article1.3.jpg
2016-08-04 11:29:39 (V2 WPBackItUp_Backup::save_folder_inventory) INFO: Add File: 171 2016/04/article2-brazil-1023x640.jpg
2016-08-04 11:29:39 (V2 WPBackItUp_Backup::save_folder_inventory) INFO: Add File: 172 2016/04/article2-brazil-1024x640.jpg
2016-08-04 11:29:39 (V2 WPBackItUp_Backup::save_folder_inventory) INFO: Add File: 173 2016/04/article2-brazil-150x150.jpg
2016-08-04 11:29:39 (V2 WPBackItUp_Backup::save_folder_inventory) INFO: Add File: 174 2016/04/article2-brazil-160x120.jpg
2016-08-04 11:29:39 (V2 WPBackItUp_Backup::save_folder_inventory) INFO: Add File: 175 2016/04/article2-brazil-300x188.jpg
2016-08-04 11:29:39 (V2 WPBackItUp_Backup::save_folder_inventory) INFO: Add File: 176 2016/04/article2-brazil-625x391.jpg
2016-08-04 11:29:39 (V2 WPBackItUp_Backup::save_folder_inventory) INFO: Add File: 177 2016/04/article2-brazil-768x480.jpg
2016-08-04 11:29:39 (V2 WPBackItUp_Backup::save_folder_inventory) INFO: Add File: 178 2016/04/article2-brazil-80x60.jpg
2016-08-04 11:29:39 (V2 WPBackItUp_Backup::save_folder_inventory) INFO: Add File: 179 2016/04/article2-brazil.jpg
2016-08-04 11:29:39 (V2 WPBackItUp_Backup::save_folder_inventory) INFO: Add File: 180 2016/04/article2-colombia-150x150.jpeg
2016-08-04 11:29:39 (V2 WPBackItUp_Backup::save_folder_inventory) INFO: Add File: 181 2016/04/article2-colombia-300x199.jpeg
2016-08-04 11:29:39 (V2 WPBackItUp_Backup::save_folder_inventory) INFO: Add File: 182 2016/04/article2-colombia.jpeg
2016-08-04 11:29:39 (V2 WPBackItUp_Backup::save_folder_inventory) INFO: Add File: 183 2016/04/article2-vietnam-150x150.jpg
2016-08-04 11:29:39 (V2 WPBackItUp_Backup::save_folder_inventory) INFO: Add File: 184 2016/04/article2-vietnam-300x200.jpg
2016-08-04 11:29:39 (V2 WPBackItUp_Backup::save_folder_inventory) INFO: Add File: 185 2016/04/article2-vietnam-768x512.jpg
2016-08-04 11:29:39 (V2 WPBackItUp_Backup::save_folder_inventory) INFO: Add File: 186 2016/04/article2-vietnam.jpg
2016-08-04 11:29:39 (V2 WPBackItUp_Backup::save_folder_inventory) INFO: Add File: 187 2016/04/article3-150x150.png
2016-08-04 11:29:39 (V2 WPBackItUp_Backup::save_folder_inventory) INFO: Add File: 188 2016/04/article3-300x187.png
2016-08-04 11:29:39 (V2 WPBackItUp_Backup::save_folder_inventory) INFO: Add File: 189 2016/04/article3-768x478.png
2016-08-04 11:29:39 (V2 WPBackItUp_Backup::save_folder_inventory) INFO: Add File: 190 2016/04/article3.2-150x150.jpg
2016-08-04 11:29:39 (V2 WPBackItUp_Backup::save_folder_inventory) INFO: Add File: 191 2016/04/article3.2-160x120.jpg
2016-08-04 11:29:39 (V2 WPBackItUp_Backup::save_folder_inventory) INFO: Add File: 192 2016/04/article3.2-300x140.jpg
2016-08-04 11:29:39 (V2 WPBackItUp_Backup::save_folder_inventory) INFO: Add File: 193 2016/04/article3.2-625x291.jpg
2016-08-04 11:29:39 (V2 WPBackItUp_Backup::save_folder_inventory) INFO: Add File: 194 2016/04/article3.2-730x339.jpg
2016-08-04 11:29:39 (V2 WPBackItUp_Backup::save_folder_inventory) INFO: Add File: 195 2016/04/article3.2-80x60.jpg
2016-08-04 11:29:39 (V2 WPBackItUp_Backup::save_folder_inventory) INFO: Add File: 196 2016/04/article3.2.jpg
2016-08-04 11:29:39 (V2 WPBackItUp_Backup::save_folder_inventory) INFO: Add File: 197 2016/04/article3.png
2016-08-04 11:29:39 (V2 WPBackItUp_Backup::save_folder_inventory) INFO: Add File: 198 2016/04/Depositphotos_3591215_m-1024x683.jpg
2016-08-04 11:29:39 (V2 WPBackItUp_Backup::save_folder_inventory) INFO: Add File: 199 2016/04/Depositphotos_3591215_m-1250x834.jpg
2016-08-04 11:29:39 (V2 WPBackItUp_Backup::save_folder_inventory) INFO: Add File: 200 2016/04/Depositphotos_3591215_m-150x150.jpg
2016-08-04 11:29:39 (V2 WPBackItUp_Backup::save_folder_inventory) INFO: Add File: 201 2016/04/Depositphotos_3591215_m-160x120.jpg
2016-08-04 11:29:39 (V2 WPBackItUp_Backup::save_folder_inventory) INFO: Add File: 202 2016/04/Depositphotos_3591215_m-300x200.jpg
2016-08-04 11:29:39 (V2 WPBackItUp_Backup::save_folder_inventory) INFO: Add File: 203 2016/04/Depositphotos_3591215_m-625x417.jpg
2016-08-04 11:29:39 (V2 WPBackItUp_Backup::save_folder_inventory) INFO: Add File: 204 2016/04/Depositphotos_3591215_m-768x512.jpg
2016-08-04 11:29:39 (V2 WPBackItUp_Backup::save_folder_inventory) INFO: Add File: 205 2016/04/Depositphotos_3591215_m-80x60.jpg
2016-08-04 11:29:39 (V2 WPBackItUp_Backup::save_folder_inventory) INFO: Add File: 206 2016/04/Depositphotos_3591215_m.jpg
2016-08-04 11:29:39 (V2 WPBackItUp_Backup::save_folder_inventory) INFO: Add File: 207 2016/04/DigitalMedia.png
2016-08-04 11:29:39 (V2 WPBackItUp_Backup::save_folder_inventory) INFO: Add File: 208 2016/04/f1.png
2016-08-04 11:29:39 (V2 WPBackItUp_Backup::save_folder_inventory) INFO: Add File: 209 2016/04/f16.png
2016-08-04 11:29:39 (V2 WPBackItUp_Backup::save_folder_inventory) INFO: Add File: 210 2016/04/f2.png
2016-08-04 11:29:39 (V2 WPBackItUp_Backup::save_folder_inventory) INFO: Add File: 211 2016/04/fav.png
2016-08-04 11:29:39 (V2 WPBackItUp_Backup::save_folder_inventory) INFO: Add File: 212 2016/04/fav16.png
2016-08-04 11:29:39 (V2 WPBackItUp_Backup::save_folder_inventory) INFO: Add File: 213 2016/04/fav32.png
2016-08-04 11:29:40 (V2 WPBackItUp_Backup::save_folder_inventory) INFO: Add File: 214 2016/04/images-150x150.jpeg
2016-08-04 11:29:40 (V2 WPBackItUp_Backup::save_folder_inventory) INFO: Add File: 215 2016/04/images-160x120.jpeg
2016-08-04 11:29:40 (V2 WPBackItUp_Backup::save_folder_inventory) INFO: Add File: 216 2016/04/images-80x60.jpeg
2016-08-04 11:29:40 (V2 WPBackItUp_Backup::save_folder_inventory) INFO: Add File: 217 2016/04/images.jpeg
2016-08-04 11:29:40 (V2 WPBackItUp_Backup::save_folder_inventory) INFO: Add File: 218 2016/04/kofe2-1024x804.jpg
2016-08-04 11:29:40 (V2 WPBackItUp_Backup::save_folder_inventory) INFO: Add File: 219 2016/04/kofe2-150x150.jpg
2016-08-04 11:29:40 (V2 WPBackItUp_Backup::save_folder_inventory) INFO: Add File: 220 2016/04/kofe2-160x120.jpg
2016-08-04 11:29:40 (V2 WPBackItUp_Backup::save_folder_inventory) INFO: Add File: 221 2016/04/kofe2-300x236.jpg
2016-08-04 11:29:40 (V2 WPBackItUp_Backup::save_folder_inventory) INFO: Add File: 222 2016/04/kofe2-768x603.jpg
2016-08-04 11:29:40 (V2 WPBackItUp_Backup::save_folder_inventory) INFO: Add File: 223 2016/04/kofe2-80x60.jpg
2016-08-04 11:29:40 (V2 WPBackItUp_Backup::save_folder_inventory) INFO: Add File: 224 2016/04/kofe2.jpg
2016-08-04 11:29:40 (V2 WPBackItUp_Backup::save_folder_inventory) INFO: Add File: 225 2016/04/logo_top-150x100.png
2016-08-04 11:29:40 (V2 WPBackItUp_Backup::save_folder_inventory) INFO: Add File: 226 2016/04/logo_top-300x81.png
2016-08-04 11:29:40 (V2 WPBackItUp_Backup::save_folder_inventory) INFO: Add File: 227 2016/04/logo_top.png
2016-08-04 11:29:40 (V2 WPBackItUp_Backup::save_folder_inventory) INFO: Add File: 228 2016/04/logo_top_50-150x50.png
2016-08-04 11:29:40 (V2 WPBackItUp_Backup::save_folder_inventory) INFO: Add File: 229 2016/04/logo_top_50.png
2016-08-04 11:29:40 (V2 WPBackItUp_Backup::save_folder_inventory) INFO: Add File: 230 2016/04/product_bg_2-1024x677.jpg
2016-08-04 11:29:40 (V2 WPBackItUp_Backup::save_folder_inventory) INFO: Add File: 231 2016/04/product_bg_2-150x150.jpg
2016-08-04 11:29:40 (V2 WPBackItUp_Backup::save_folder_inventory) INFO: Add File: 232 2016/04/product_bg_2-160x120.jpg
2016-08-04 11:29:40 (V2 WPBackItUp_Backup::save_folder_inventory) INFO: Add File: 233 2016/04/product_bg_2-300x198.jpg
2016-08-04 11:29:40 (V2 WPBackItUp_Backup::save_folder_inventory) INFO: Add File: 234 2016/04/product_bg_2-768x507.jpg
2016-08-04 11:29:40 (V2 WPBackItUp_Backup::save_folder_inventory) INFO: Add File: 235 2016/04/product_bg_2-80x60.jpg
2016-08-04 11:29:40 (V2 WPBackItUp_Backup::save_folder_inventory) INFO: Add File: 236 2016/04/product_bg_2.jpg
2016-08-04 11:29:40 (V2 WPBackItUp_Backup::save_folder_inventory) INFO: Add File: 237 js_composer/custom.css
2016-08-04 11:29:40 (V2 WPBackItUp_Backup::save_folder_inventory) INFO: Add File: 238 js_composer/js_composer_front_custom.css
2016-08-04 11:29:40 (V2 WPBackItUp_Backup::save_folder_inventory) INFO: Add File: 239 revslider/templates/agencywebsiteheader/slide1.jpg
2016-08-04 11:29:40 (V2 WPBackItUp_Backup::save_folder_inventory) INFO: Add File: 240 revslider/templates/agencywebsiteheader/slide2.jpg
2016-08-04 11:29:40 (V2 WPBackItUp_Backup::save_folder_inventory) INFO: Add File: 241 revslider/templates/agencywebsiteheader/slide3.jpg
2016-08-04 11:29:40 (V2 WPBackItUp_Backup::save_folder_inventory) INFO: Add File: 242 revslider/templates/applandingpage/slide1.jpg
2016-08-04 11:29:40 (V2 WPBackItUp_Backup::save_folder_inventory) INFO: Add File: 243 revslider/templates/betteryoutube/slide1.jpg
2016-08-04 11:29:40 (V2 WPBackItUp_Backup::save_folder_inventory) INFO: Add File: 244 revslider/templates/betteryoutube/slide2.jpg
2016-08-04 11:29:40 (V2 WPBackItUp_Backup::save_folder_inventory) INFO: Add File: 245 revslider/templates/betteryoutube/slide3.jpg
2016-08-04 11:29:40 (V2 WPBackItUp_Backup::save_folder_inventory) INFO: Add File: 246 revslider/templates/cardealership/slide1.jpg
2016-08-04 11:29:40 (V2 WPBackItUp_Backup::save_folder_inventory) INFO: Add File: 247 revslider/templates/cardealership/slide2.jpg
2016-08-04 11:29:40 (V2 WPBackItUp_Backup::save_folder_inventory) INFO: Add File: 248 revslider/templates/cardealership/slide3.jpg
2016-08-04 11:29:40 (V2 WPBackItUp_Backup::save_folder_inventory) INFO: Add File: 249 revslider/templates/cardealership/slide4.jpg
2016-08-04 11:29:40 (V2 WPBackItUp_Backup::save_folder_inventory) INFO: Add File: 250 revslider/templates/clean-news-post-based/slide1.jpg
2016-08-04 11:29:40 (V2 WPBackItUp_Backup::save_folder_inventory) INFO: Add File: 251 revslider/templates/cleannewsslider/slide1.jpg
2016-08-04 11:29:40 (V2 WPBackItUp_Backup::save_folder_inventory) INFO: Add File: 252 revslider/templates/cleannewsslider/slide2.jpg
2016-08-04 11:29:40 (V2 WPBackItUp_Backup::save_folder_inventory) INFO: Add File: 253 revslider/templates/cleannewsslider/slide3.jpg
2016-08-04 11:29:40 (V2 WPBackItUp_Backup::save_folder_inventory) INFO: Add File: 254 revslider/templates/cleannewsslider/slide4.jpg
2016-08-04 11:29:40 (V2 WPBackItUp_Backup::save_folder_inventory) INFO: Add File: 255 revslider/templates/cleannewsslider/slide5.jpg
2016-08-04 11:29:40 (V2 WPBackItUp_Backup::save_folder_inventory) INFO: Add File: 256 revslider/templates/comingsoon/slide1.jpg
2016-08-04 11:29:40 (V2 WPBackItUp_Backup::save_folder_inventory) INFO: Add File: 257 revslider/templates/comingsoon/slide2.jpg
2016-08-04 11:29:40 (V2 WPBackItUp_Backup::save_folder_inventory) INFO: Add File: 258 revslider/templates/comingsoon/slide3.jpg
2016-08-04 11:29:40 (V2 WPBackItUp_Backup::save_folder_inventory) INFO: Add File: 259 revslider/templates/contentzoom/slide1.jpg
2016-08-04 11:29:40 (V2 WPBackItUp_Backup::save_folder_inventory) INFO: Add File: 260 revslider/templates/contentzoom/slide2.jpg
2016-08-04 11:29:40 (V2 WPBackItUp_Backup::save_folder_inventory) INFO: Add File: 261 revslider/templates/contentzoom/slide3.jpg
2016-08-04 11:29:40 (V2 WPBackItUp_Backup::save_folder_inventory) INFO: Add File: 262 revslider/templates/creativefrontpage/slide1.jpg
2016-08-04 11:29:40 (V2 WPBackItUp_Backup::save_folder_inventory) INFO: Add File: 263 revslider/templates/creativefrontpage/slide2.jpg
2016-08-04 11:29:40 (V2 WPBackItUp_Backup::save_folder_inventory) INFO: Add File: 264 revslider/templates/creativefrontpage/slide3.jpg
2016-08-04 11:29:40 (V2 WPBackItUp_Backup::save_folder_inventory) INFO: Add File: 265 revslider/templates/creativefrontpage/slide4.jpg
2016-08-04 11:29:40 (V2 WPBackItUp_Backup::save_folder_inventory) INFO: Add File: 266 revslider/templates/creativefrontpage/slide5.jpg
2016-08-04 11:29:40 (V2 WPBackItUp_Backup::save_folder_inventory) INFO: Add File: 267 revslider/templates/creativefrontpage/slide6.jpg
2016-08-04 11:29:40 (V2 WPBackItUp_Backup::save_folder_inventory) INFO: Add File: 268 revslider/templates/creativefrontpage/slide7.jpg
2016-08-04 11:29:40 (V2 WPBackItUp_Backup::save_folder_inventory) INFO: Add File: 269 revslider/templates/creativefrontpage/slide8.jpg
2016-08-04 11:29:40 (V2 WPBackItUp_Backup::save_folder_inventory) INFO: Add File: 270 revslider/templates/dark-fullsite-block-1/slide1.jpg
2016-08-04 11:29:40 (V2 WPBackItUp_Backup::save_folder_inventory) INFO: Add File: 271 revslider/templates/dark-fullsite-block-2-about/slide1.jpg
2016-08-04 11:29:40 (V2 WPBackItUp_Backup::save_folder_inventory) INFO: Add File: 272 revslider/templates/dark-fullsite-block-2-about/slide2.jpg
2016-08-04 11:29:40 (V2 WPBackItUp_Backup::save_folder_inventory) INFO: Add File: 273 revslider/templates/dark-fullsite-block-3-services/slide1.jpg
2016-08-04 11:29:40 (V2 WPBackItUp_Backup::save_folder_inventory) INFO: Add File: 274 revslider/templates/dark-fullsite-block-3-services/slide2.jpg
2016-08-04 11:29:40 (V2 WPBackItUp_Backup::save_folder_inventory) INFO: Add File: 275 revslider/templates/dark-fullsite-block-4-products/slide1.jpg
2016-08-04 11:29:40 (V2 WPBackItUp_Backup::save_folder_inventory) INFO: Add File: 276 revslider/templates/dark-fullsite-block-4-products/slide2.jpg
2016-08-04 11:29:40 (V2 WPBackItUp_Backup::save_folder_inventory) INFO: Add File: 277 revslider/templates/dark-fullsite-block-4-products/slide3.jpg
2016-08-04 11:29:40 (V2 WPBackItUp_Backup::save_folder_inventory) INFO: Add File: 278 revslider/templates/dark-fullsite-block-4-products/slide4.jpg
2016-08-04 11:29:40 (V2 WPBackItUp_Backup::save_folder_inventory) INFO: Add File: 279 revslider/templates/dark-fullsite-block-4-products/slide5.jpg
2016-08-04 11:29:40 (V2 WPBackItUp_Backup::save_folder_inventory) INFO: Add File: 280 revslider/templates/dark-fullsite-block-5-testimonials/slide1.jpg
2016-08-04 11:29:40 (V2 WPBackItUp_Backup::save_folder_inventory) INFO: Add File: 281 revslider/templates/dark-fullsite-block-6-callout/slide1.jpg
2016-08-04 11:29:40 (V2 WPBackItUp_Backup::save_folder_inventory) INFO: Add File: 282 revslider/templates/dark-fullsite-block-7-footer/slide1.jpg
2016-08-04 11:29:40 (V2 WPBackItUp_Backup::save_folder_inventory) INFO: Add File: 283 revslider/templates/dark-fullsite-block-menu/slide1.jpg
2016-08-04 11:29:40 (V2 WPBackItUp_Backup::save_folder_inventory) INFO: Add File: 284 revslider/templates/deskscene/slide1.jpg
2016-08-04 11:29:40 (V2 WPBackItUp_Backup::save_folder_inventory) INFO: Add File: 285 revslider/templates/duotone/slide1.jpg
2016-08-04 11:29:40 (V2 WPBackItUp_Backup::save_folder_inventory) INFO: Add File: 286 revslider/templates/duotone/slide2.jpg
2016-08-04 11:29:40 (V2 WPBackItUp_Backup::save_folder_inventory) INFO: Add File: 287 revslider/templates/duotone/slide3.jpg
2016-08-04 11:29:40 (V2 WPBackItUp_Backup::save_folder_inventory) INFO: Add File: 288 revslider/templates/duotone/slide4.jpg
2016-08-04 11:29:40 (V2 WPBackItUp_Backup::save_folder_inventory) INFO: Add File: 289 revslider/templates/duotone/slide5.jpg
2016-08-04 11:29:40 (V2 WPBackItUp_Backup::save_folder_inventory) INFO: Add File: 290 revslider/templates/duotone/slide6.jpg
2016-08-04 11:29:40 (V2 WPBackItUp_Backup::save_folder_inventory) INFO: Add File: 291 revslider/templates/focusparallax/slide1.jpg
2016-08-04 11:29:40 (V2 WPBackItUp_Backup::save_folder_inventory) INFO: Add File: 292 revslider/templates/focusparallax/slide2.jpg
2016-08-04 11:29:40 (V2 WPBackItUp_Backup::save_folder_inventory) INFO: Add File: 293 revslider/templates/focusparallax/slide3.jpg
2016-08-04 11:29:40 (V2 WPBackItUp_Backup::save_folder_inventory) INFO: Add File: 294 revslider/templates/fullscreenmenu/slide1.jpg
2016-08-04 11:29:40 (V2 WPBackItUp_Backup::save_folder_inventory) INFO: Add File: 295 revslider/templates/fullscreenmenu/slide2.jpg
2016-08-04 11:29:40 (V2 WPBackItUp_Backup::save_folder_inventory) INFO: Add File: 296 revslider/templates/fullscreenmenu/slide3.jpg
2016-08-04 11:29:40 (V2 WPBackItUp_Backup::save_folder_inventory) INFO: Add File: 297 revslider/templates/fullscreenmenu/slide4.jpg
2016-08-04 11:29:40 (V2 WPBackItUp_Backup::save_folder_inventory) INFO: Add File: 298 revslider/templates/fullscreenmenu/slide5.jpg
2016-08-04 11:29:40 (V2 WPBackItUp_Backup::save_folder_inventory) INFO: Add File: 299 revslider/templates/fullsite-block-2-about/slide1.jpg
2016-08-04 11:29:40 (V2 WPBackItUp_Backup::save_folder_inventory) INFO: Add File: 300 revslider/templates/fullsite-block-2-about/slide2.jpg
2016-08-04 11:29:40 (V2 WPBackItUp_Backup::save_folder_inventory) INFO: Add File: 301 revslider/templates/fullsite-block-3-services/slide1.jpg
2016-08-04 11:29:40 (V2 WPBackItUp_Backup::save_folder_inventory) INFO: Add File: 302 revslider/templates/fullsite-block-3-services/slide2.jpg
2016-08-04 11:29:40 (V2 WPBackItUp_Backup::save_folder_inventory) INFO: Add File: 303 revslider/templates/fullsite-block-4-products/slide1.jpg
2016-08-04 11:29:40 (V2 WPBackItUp_Backup::save_folder_inventory) INFO: Add File: 304 revslider/templates/fullsite-block-4-products/slide2.jpg
2016-08-04 11:29:40 (V2 WPBackItUp_Backup::save_folder_inventory) INFO: Add File: 305 revslider/templates/fullsite-block-4-products/slide3.jpg
2016-08-04 11:29:40 (V2 WPBackItUp_Backup::save_folder_inventory) INFO: Add File: 306 revslider/templates/fullsite-block-4-products/slide4.jpg
2016-08-04 11:29:40 (V2 WPBackItUp_Backup::save_folder_inventory) INFO: Add File: 307 revslider/templates/fullsite-block-4-products/slide5.jpg
2016-08-04 11:29:40 (V2 WPBackItUp_Backup::save_folder_inventory) INFO: Add File: 308 revslider/templates/fullsite-block-5-testimonials/slide1.jpg
2016-08-04 11:29:40 (V2 WPBackItUp_Backup::save_folder_inventory) INFO: Add File: 309 revslider/templates/fullsite-block-6-callout/slide1.jpg
2016-08-04 11:29:40 (V2 WPBackItUp_Backup::save_folder_inventory) INFO: Add File: 310 revslider/templates/fullsite-block-7-footer/slide1.jpg
2016-08-04 11:29:40 (V2 WPBackItUp_Backup::save_folder_inventory) INFO: Add File: 311 revslider/templates/fullsite-block-menu/slide1.jpg
2016-08-04 11:29:40 (V2 WPBackItUp_Backup::save_folder_inventory) INFO: Add File: 312 revslider/templates/fullsite-block1/slide1.jpg
2016-08-04 11:29:40 (V2 WPBackItUp_Backup::save_folder_inventory) INFO: Add File: 313 revslider/templates/imagegallery/slide1.jpg
2016-08-04 11:29:40 (V2 WPBackItUp_Backup::save_folder_inventory) INFO: Add File: 314 revslider/templates/imagegallery/slide2.jpg
2016-08-04 11:29:40 (V2 WPBackItUp_Backup::save_folder_inventory) INFO: Add File: 315 revslider/templates/imagegallery/slide3.jpg
2016-08-04 11:29:40 (V2 WPBackItUp_Backup::save_folder_inventory) INFO: Add File: 316 revslider/templates/imagegallery/slide4.jpg
2016-08-04 11:29:40 (V2 WPBackItUp_Backup::save_folder_inventory) INFO: Add File: 317 revslider/templates/imagegallery/slide5.jpg
2016-08-04 11:29:40 (V2 WPBackItUp_Backup::save_folder_inventory) INFO: Add File: 318 revslider/templates/imagegallery/slide6.jpg
2016-08-04 11:29:40 (V2 WPBackItUp_Backup::save_folder_inventory) INFO: Add File: 319 revslider/templates/imagegallery/slide7.jpg
2016-08-04 11:29:40 (V2 WPBackItUp_Backup::save_folder_inventory) INFO: Add File: 320 revslider/templates/imagegallery/slide8.jpg
2016-08-04 11:29:40 (V2 WPBackItUp_Backup::save_folder_inventory) INFO: Add File: 321 revslider/templates/innovation/slide1.jpg
2016-08-04 11:29:40 (V2 WPBackItUp_Backup::save_folder_inventory) INFO: Add File: 322 revslider/templates/innovation/slide2.jpg
2016-08-04 11:29:40 (V2 WPBackItUp_Backup::save_folder_inventory) INFO: Add File: 323 revslider/templates/innovation/slide3.jpg
2016-08-04 11:29:40 (V2 WPBackItUp_Backup::save_folder_inventory) INFO: Add File: 324 revslider/templates/inspirationheader/slide1.jpg
2016-08-04 11:29:40 (V2 WPBackItUp_Backup::save_folder_inventory) INFO: Add File: 325 revslider/templates/interactivewhiteboard/slide1.jpg
2016-08-04 11:29:40 (V2 WPBackItUp_Backup::save_folder_inventory) INFO: Add File: 326 revslider/templates/interactivewhiteboard/slide2.jpg
2016-08-04 11:29:40 (V2 WPBackItUp_Backup::save_folder_inventory) INFO: Add File: 327 revslider/templates/interactivewhiteboard/slide3.jpg
2016-08-04 11:29:40 (V2 WPBackItUp_Backup::save_folder_inventory) INFO: Add File: 328 revslider/templates/interactivewhiteboard/slide4.jpg
2016-08-04 11:29:40 (V2 WPBackItUp_Backup::save_folder_inventory) INFO: Add File: 329 revslider/templates/interactivewhiteboard/slide5.jpg
2016-08-04 11:29:40 (V2 WPBackItUp_Backup::save_folder_inventory) INFO: Add File: 330 revslider/templates/interactivewhiteboard/slide6.jpg
2016-08-04 11:29:40 (V2 WPBackItUp_Backup::save_folder_inventory) INFO: Add File: 331 revslider/templates/interactivewhiteboard/slide7.jpg
2016-08-04 11:29:40 (V2 WPBackItUp_Backup::save_folder_inventory) INFO: Add File: 332 revslider/templates/interactivewhiteboard/slide8.jpg
2016-08-04 11:29:40 (V2 WPBackItUp_Backup::save_folder_inventory) INFO: Add File: 333 revslider/templates/magazineposts/slide1.jpg
2016-08-04 11:29:40 (V2 WPBackItUp_Backup::save_folder_inventory) INFO: Add File: 334 revslider/templates/magazineposts/slide2.jpg
2016-08-04 11:29:40 (V2 WPBackItUp_Backup::save_folder_inventory) INFO: Add File: 335 revslider/templates/magazineposts/slide3.jpg
2016-08-04 11:29:40 (V2 WPBackItUp_Backup::save_folder_inventory) INFO: Add File: 336 revslider/templates/magazineposts/slide4.jpg
2016-08-04 11:29:40 (V2 WPBackItUp_Backup::save_folder_inventory) INFO: Add File: 337 revslider/templates/ourteam/slide1.jpg
2016-08-04 11:29:40 (V2 WPBackItUp_Backup::save_folder_inventory) INFO: Add File: 338 revslider/templates/ourteam/slide2.jpg
2016-08-04 11:29:40 (V2 WPBackItUp_Backup::save_folder_inventory) INFO: Add File: 339 revslider/templates/ourteam/slide3.jpg
2016-08-04 11:29:40 (V2 WPBackItUp_Backup::save_folder_inventory) INFO: Add File: 340 revslider/templates/ourteam/slide4.jpg
2016-08-04 11:29:40 (V2 WPBackItUp_Backup::save_folder_inventory) INFO: Add File: 341 revslider/templates/ourteam/slide5.jpg
2016-08-04 11:29:40 (V2 WPBackItUp_Backup::save_folder_inventory) INFO: Add File: 342 revslider/templates/ourteam/slide6.jpg
2016-08-04 11:29:40 (V2 WPBackItUp_Backup::save_folder_inventory) INFO: Add File: 343 revslider/templates/ourteam/slide7.jpg
2016-08-04 11:29:40 (V2 WPBackItUp_Backup::save_folder_inventory) INFO: Add File: 344 revslider/templates/ourteamcarousel/slide1.jpg
2016-08-04 11:29:40 (V2 WPBackItUp_Backup::save_folder_inventory) INFO: Add File: 345 revslider/templates/ourteamcarousel/slide2.jpg
2016-08-04 11:29:40 (V2 WPBackItUp_Backup::save_folder_inventory) INFO: Add File: 346 revslider/templates/ourteamcarousel/slide3.jpg
2016-08-04 11:29:40 (V2 WPBackItUp_Backup::save_folder_inventory) INFO: Add File: 347 revslider/templates/ourteamcarousel/slide4.jpg
2016-08-04 11:29:40 (V2 WPBackItUp_Backup::save_folder_inventory) INFO: Add File: 348 revslider/templates/ourteamcarousel/slide5.jpg
2016-08-04 11:29:40 (V2 WPBackItUp_Backup::save_folder_inventory) INFO: Add File: 349 revslider/templates/ourteamcarousel/slide6.jpg
2016-08-04 11:29:40 (V2 WPBackItUp_Backup::save_folder_inventory) INFO: Add File: 350 revslider/templates/ourteamcarousel/slide7.jpg
2016-08-04 11:29:40 (V2 WPBackItUp_Backup::save_folder_inventory) INFO: Add File: 351 revslider/templates/rockband/slide1.jpg
2016-08-04 11:29:40 (V2 WPBackItUp_Backup::save_folder_inventory) INFO: Add File: 352 revslider/templates/rotatingwords/slide1.jpg
2016-08-04 11:29:40 (V2 WPBackItUp_Backup::save_folder_inventory) INFO: Add File: 353 revslider/templates/r_about/slide1.jpg
2016-08-04 11:29:40 (V2 WPBackItUp_Backup::save_folder_inventory) INFO: Add File: 354 revslider/templates/r_hero/slide1.jpg
2016-08-04 11:29:40 (V2 WPBackItUp_Backup::save_folder_inventory) INFO: Add File: 355 revslider/templates/r_info/slide1.jpg
2016-08-04 11:29:40 (V2 WPBackItUp_Backup::save_folder_inventory) INFO: Add File: 356 revslider/templates/r_menu/slide1.jpg
2016-08-04 11:29:40 (V2 WPBackItUp_Backup::save_folder_inventory) INFO: Add File: 357 revslider/templates/r_products/slide1.jpg
2016-08-04 11:29:40 (V2 WPBackItUp_Backup::save_folder_inventory) INFO: Add File: 358 revslider/templates/r_products/slide2.jpg
2016-08-04 11:29:40 (V2 WPBackItUp_Backup::save_folder_inventory) INFO: Add File: 359 revslider/templates/r_products/slide3.jpg
2016-08-04 11:29:40 (V2 WPBackItUp_Backup::save_folder_inventory) INFO: Add File: 360 revslider/templates/scrolleffect/slide1.jpg
2016-08-04 11:29:40 (V2 WPBackItUp_Backup::save_folder_inventory) INFO: Add File: 361 revslider/templates/scrolleffect/slide2.jpg
2016-08-04 11:29:40 (V2 WPBackItUp_Backup::save_folder_inventory) INFO: Add File: 362 revslider/templates/scrolleffect/slide3.jpg
2016-08-04 11:29:40 (V2 WPBackItUp_Backup::save_folder_inventory) INFO: Add File: 363 revslider/templates/sleeklandingpage/slide1.jpg
2016-08-04 11:29:40 (V2 WPBackItUp_Backup::save_folder_inventory) INFO: Add File: 364 revslider/templates/sleeklandingpage/slide2.jpg
2016-08-04 11:29:40 (V2 WPBackItUp_Backup::save_folder_inventory) INFO: Add File: 365 revslider/templates/sleeklandingpage/slide3.jpg
2016-08-04 11:29:40 (V2 WPBackItUp_Backup::save_folder_inventory) INFO: Add File: 366 revslider/templates/snowscene/slide1.jpg
2016-08-04 11:29:40 (V2 WPBackItUp_Backup::save_folder_inventory) INFO: Add File: 367 revslider/templates/snowscene/slide2.jpg
2016-08-04 11:29:40 (V2 WPBackItUp_Backup::save_folder_inventory) INFO: Add File: 368 revslider/templates/snowscene/slide3.jpg
2016-08-04 11:29:40 (V2 WPBackItUp_Backup::save_folder_inventory) INFO: Add File: 369 revslider/templates/standard-wp-gallery/slide1.jpg
2016-08-04 11:29:40 (V2 WPBackItUp_Backup::save_folder_inventory) INFO: Add File: 370 revslider/templates/techjournal/slide1.jpg
2016-08-04 11:29:40 (V2 WPBackItUp_Backup::save_folder_inventory) INFO: Add File: 371 revslider/templates/techjournal/slide2.jpg
2016-08-04 11:29:40 (V2 WPBackItUp_Backup::save_folder_inventory) INFO: Add File: 372 revslider/templates/techjournal/slide3.jpg
2016-08-04 11:29:40 (V2 WPBackItUp_Backup::save_folder_inventory) INFO: Add File: 373 revslider/templates/websitebuilder-calltoaction/slide1.jpg
2016-08-04 11:29:40 (V2 WPBackItUp_Backup::save_folder_inventory) INFO: Add File: 374 revslider/templates/websitebuilder-clients/slide1.jpg
2016-08-04 11:29:40 (V2 WPBackItUp_Backup::save_folder_inventory) INFO: Add File: 375 revslider/templates/websitebuilder-discover/slide1.jpg
2016-08-04 11:29:40 (V2 WPBackItUp_Backup::save_folder_inventory) INFO: Add File: 376 revslider/templates/websitebuilder-discover/slide2.jpg
2016-08-04 11:29:40 (V2 WPBackItUp_Backup::save_folder_inventory) INFO: Add File: 377 revslider/templates/websitebuilder-discover/slide3.jpg
2016-08-04 11:29:40 (V2 WPBackItUp_Backup::save_folder_inventory) INFO: Add File: 378 revslider/templates/websitebuilder-discover/slide4.jpg
2016-08-04 11:29:40 (V2 WPBackItUp_Backup::save_folder_inventory) INFO: Add File: 379 revslider/templates/websitebuilder-discover/slide5.jpg
2016-08-04 11:29:40 (V2 WPBackItUp_Backup::save_folder_inventory) INFO: Add File: 380 revslider/templates/websitebuilder-footer/slide1.jpg
2016-08-04 11:29:40 (V2 WPBackItUp_Backup::save_folder_inventory) INFO: Add File: 381 revslider/templates/websitebuilder-hero/slide1.jpg
2016-08-04 11:29:40 (V2 WPBackItUp_Backup::save_folder_inventory) INFO: Add File: 382 revslider/templates/websitebuilder-menu/slide1.jpg
2016-08-04 11:29:40 (V2 WPBackItUp_Backup::save_folder_inventory) INFO: Add File: 383 revslider/templates/websitebuilder-services/slide1.jpg
2016-08-04 11:29:40 (V2 WPBackItUp_Backup::save_folder_inventory) INFO: Add File: 384 revslider/templates/websitebuilder-slider/slide1.jpg
2016-08-04 11:29:40 (V2 WPBackItUp_Backup::save_folder_inventory) INFO: Add File: 385 revslider/templates/websitebuilder-slider/slide2.jpg
2016-08-04 11:29:40 (V2 WPBackItUp_Backup::save_folder_inventory) INFO: Add File: 386 smile_fonts/Defaults/charmap.php
2016-08-04 11:29:40 (V2 WPBackItUp_Backup::save_folder_inventory) INFO: Add File: 387 smile_fonts/Defaults/Defaults.css
2016-08-04 11:29:40 (V2 WPBackItUp_Backup::save_folder_inventory) INFO: Add File: 388 smile_fonts/Defaults/Defaults.eot
2016-08-04 11:29:40 (V2 WPBackItUp_Backup::save_folder_inventory) INFO: Add File: 389 smile_fonts/Defaults/Defaults.svg
2016-08-04 11:29:40 (V2 WPBackItUp_Backup::save_folder_inventory) INFO: Add File: 390 smile_fonts/Defaults/Defaults.ttf
2016-08-04 11:29:40 (V2 WPBackItUp_Backup::save_folder_inventory) INFO: Add File: 391 smile_fonts/Defaults/Defaults.woff
2016-08-04 11:29:40 (V2 WPBackItUp_Backup::save_folder_inventory) INFO: Add File: 392 smile_fonts/Defaults/index.php
2016-08-04 11:29:40 (V2 WPBackItUp_Backup::save_folder_inventory) INFO: Add File: 393 smile_fonts/Defaults/selection.json
2016-08-04 11:29:40 (V2 WPBackItUp_Backup::save_folder_inventory) INFO: Add File: 394 smile_fonts/Defaults/ult-vid-cntrl.eot
2016-08-04 11:29:40 (V2 WPBackItUp_Backup::save_folder_inventory) INFO: Add File: 395 smile_fonts/Defaults/ult-vid-cntrl.svg
2016-08-04 11:29:40 (V2 WPBackItUp_Backup::save_folder_inventory) INFO: Add File: 396 smile_fonts/Defaults/ult-vid-cntrl.ttf
2016-08-04 11:29:40 (V2 WPBackItUp_Backup::save_folder_inventory) INFO: Add File: 397 smile_fonts/Defaults/ult-vid-cntrl.woff
2016-08-04 11:29:40 (V2 WPBackItUp_Backup::save_folder_inventory) INFO: Add File: 398 smile_fonts/Defaults/vidcons.css
2016-08-04 11:29:41 (V2 WPBackItUp_Backup::save_folder_inventory) INFO: Add File: 399 wp-less/dt-the7/css/custom-0ac24b3d8a.css
2016-08-04 11:29:41 (V2 WPBackItUp_Backup::save_folder_inventory) INFO: Add File: 400 wp-less/dt-the7/css/custom-2cd54ba17d.css
2016-08-04 11:29:41 (V2 WPBackItUp_Backup::save_folder_inventory) INFO: Add File: 401 wp-less/dt-the7/css/custom-305338321d.css
2016-08-04 11:29:41 (V2 WPBackItUp_Backup::save_folder_inventory) INFO: Add File: 402 wp-less/dt-the7/css/custom-56525ea3c3.css
2016-08-04 11:29:41 (V2 WPBackItUp_Backup::save_folder_inventory) INFO: Add File: 403 wp-less/dt-the7/css/custom-75361cd684.css
2016-08-04 11:29:41 (V2 WPBackItUp_Backup::save_folder_inventory) INFO: Add File: 404 wp-less/dt-the7/css/custom-817a1fc5f0.css
2016-08-04 11:29:41 (V2 WPBackItUp_Backup::save_folder_inventory) INFO: Add File: 405 wp-less/dt-the7/css/custom-a610b8531b.css
2016-08-04 11:29:41 (V2 WPBackItUp_Backup::save_folder_inventory) INFO: Add File: 406 wp-less/dt-the7/css/custom-de945b7bbc.css
2016-08-04 11:29:41 (V2 WPBackItUp_Backup::save_folder_inventory) INFO: Add File: 407 wp-less/dt-the7/css/custom-f929b1f189.css
2016-08-04 11:29:41 (V2 WPBackItUp_Backup::save_folder_inventory) INFO: Add File: 408 wp-less/dt-the7/css/custom-ffa0471695.css
2016-08-04 11:29:41 (V2 WPBackItUp_Backup::save_folder_inventory) INFO: Add File: 409 wp-less/dt-the7/css/custom-old-ie-0ac24b3d8a.css
2016-08-04 11:29:41 (V2 WPBackItUp_Backup::save_folder_inventory) INFO: Add File: 410 wp-less/dt-the7/css/custom-old-ie-2cd54ba17d.css
2016-08-04 11:29:41 (V2 WPBackItUp_Backup::save_folder_inventory) INFO: Add File: 411 wp-less/dt-the7/css/custom-old-ie-305338321d.css
2016-08-04 11:29:41 (V2 WPBackItUp_Backup::save_folder_inventory) INFO: Add File: 412 wp-less/dt-the7/css/custom-old-ie-56525ea3c3.css
2016-08-04 11:29:41 (V2 WPBackItUp_Backup::save_folder_inventory) INFO: Add File: 413 wp-less/dt-the7/css/custom-old-ie-75361cd684.css
2016-08-04 11:29:41 (V2 WPBackItUp_Backup::save_folder_inventory) INFO: Add File: 414 wp-less/dt-the7/css/custom-old-ie-817a1fc5f0.css
2016-08-04 11:29:41 (V2 WPBackItUp_Backup::save_folder_inventory) INFO: Add File: 415 wp-less/dt-the7/css/custom-old-ie-a610b8531b.css
2016-08-04 11:29:41 (V2 WPBackItUp_Backup::save_folder_inventory) INFO: Add File: 416 wp-less/dt-the7/css/custom-old-ie-de945b7bbc.css
2016-08-04 11:29:41 (V2 WPBackItUp_Backup::save_folder_inventory) INFO: Add File: 417 wp-less/dt-the7/css/custom-old-ie-f929b1f189.css
2016-08-04 11:29:41 (V2 WPBackItUp_Backup::save_folder_inventory) INFO: Add File: 418 wp-less/dt-the7/css/custom-old-ie-ffa0471695.css
2016-08-04 11:29:41 (V2 WPBackItUp_Backup::save_folder_inventory) INFO: Add File: 419 wp-less/dt-the7/css/media-05ed52f289.css
2016-08-04 11:29:41 (V2 WPBackItUp_Backup::save_folder_inventory) INFO: Add File: 420 wp-less/dt-the7/css/media-0da9f2f5e5.css
2016-08-04 11:29:41 (V2 WPBackItUp_Backup::save_folder_inventory) INFO: Add File: 421 wp-less/dt-the7/css/media-2c81692805.css
2016-08-04 11:29:41 (V2 WPBackItUp_Backup::save_folder_inventory) INFO: Add File: 422 wp-less/dt-the7/css/media-4ec2cd4d3c.css
2016-08-04 11:29:41 (V2 WPBackItUp_Backup::save_folder_inventory) INFO: Add File: 423 wp-less/dt-the7/css/media-7a0b75a4b3.css
2016-08-04 11:29:41 (V2 WPBackItUp_Backup::save_folder_inventory) INFO: Add File: 424 wp-less/dt-the7/css/media-7a937a0a18.css
2016-08-04 11:29:41 (V2 WPBackItUp_Backup::save_folder_inventory) INFO: Add File: 425 wp-less/dt-the7/css/media-89531b4dce.css
2016-08-04 11:29:41 (V2 WPBackItUp_Backup::save_folder_inventory) INFO: Add File: 426 wp-less/dt-the7/css/media-99b47895fd.css
2016-08-04 11:29:41 (V2 WPBackItUp_Backup::save_folder_inventory) INFO: Add File: 427 wp-less/dt-the7/css/media-bc25315e24.css
2016-08-04 11:29:41 (V2 WPBackItUp_Backup::save_folder_inventory) INFO: Add File: 428 wp-less/dt-the7/css/media-f65052e85d.css
2016-08-04 11:29:41 (V2 WPBackItUp_Backup::save_folder_inventory) INFO: *Try Write Batch*
2016-08-04 11:29:41 (V2 WPBackItUp_Backup::save_folder_inventory) INFO: *Write Batch SUCCESS*
2016-08-04 11:29:41 (V2 WPBackItUp_Backup::save_folder_inventory) INFO: **END**
** Close LOG File ** 
