** Open LOG File ** 
2016-08-04 10:11:10 (V2 WPBackItUp_Async_Request::dispatch) INFO: Error on WP Remote Post Request: WP_Error::__set_state(array(
   'errors' => 
  array (
    'http_request_failed' => 
    array (
      0 => 'Operation timed out after 1000 milliseconds with 0 bytes received',
    ),
  ),
   'error_data' => 
  array (
  ),
)) 
** Close LOG File ** 
** Open LOG File ** 
2016-08-04 10:11:39 (V2 WPBackItUp_Async_Request::dispatch) INFO: Error on WP Remote Post Request: WP_Error::__set_state(array(
   'errors' => 
  array (
    'http_request_failed' => 
    array (
      0 => 'Operation timed out after 1000 milliseconds with 0 bytes received',
    ),
  ),
   'error_data' => 
  array (
  ),
)) 
** Close LOG File ** 
** Open LOG File ** 
2016-08-04 10:18:24 (V2 WPBackItUp_Async_Request::dispatch) INFO: Error on WP Remote Post Request: WP_Error::__set_state(array(
   'errors' => 
  array (
    'http_request_failed' => 
    array (
      0 => 'Operation timed out after 1000 milliseconds with 0 bytes received',
    ),
  ),
   'error_data' => 
  array (
  ),
)) 
** Close LOG File ** 
** Open LOG File ** 
2016-08-04 10:18:25 (V2 WPBackItUp_Async_Request::dispatch) INFO: Error on WP Remote Post Request: WP_Error::__set_state(array(
   'errors' => 
  array (
    'http_request_failed' => 
    array (
      0 => 'Operation timed out after 1000 milliseconds with 0 bytes received',
    ),
  ),
   'error_data' => 
  array (
  ),
)) 
** Close LOG File ** 
** Open LOG File ** 
2016-08-04 10:21:07 (V2 WPBackItUp_Async_Request::dispatch) INFO: Error on WP Remote Post Request: WP_Error::__set_state(array(
   'errors' => 
  array (
    'http_request_failed' => 
    array (
      0 => 'Operation timed out after 1000 milliseconds with 0 bytes received',
    ),
  ),
   'error_data' => 
  array (
  ),
)) 
** Close LOG File ** 
** Open LOG File ** 
2016-08-04 10:21:07 (V2 WPBackItUp_Async_Request::dispatch) INFO: Error on WP Remote Post Request: WP_Error::__set_state(array(
   'errors' => 
  array (
    'http_request_failed' => 
    array (
      0 => 'Operation timed out after 1000 milliseconds with 0 bytes received',
    ),
  ),
   'error_data' => 
  array (
  ),
)) 
** Close LOG File ** 
** Open LOG File ** 
2016-08-04 10:25:36 (V2 WPBackItUp_Async_Request::dispatch) INFO: Error on WP Remote Post Request: WP_Error::__set_state(array(
   'errors' => 
  array (
    'http_request_failed' => 
    array (
      0 => 'Operation timed out after 1000 milliseconds with 0 bytes received',
    ),
  ),
   'error_data' => 
  array (
  ),
)) 
** Close LOG File ** 
** Open LOG File ** 
2016-08-04 10:30:51 (V2 WPBackItUp_Async_Request::dispatch) INFO: Error on WP Remote Post Request: WP_Error::__set_state(array(
   'errors' => 
  array (
    'http_request_failed' => 
    array (
      0 => 'Operation timed out after 1000 milliseconds with 0 bytes received',
    ),
  ),
   'error_data' => 
  array (
  ),
)) 
** Close LOG File ** 
** Open LOG File ** 
2016-08-04 10:31:18 (V2 WPBackItUp_Async_Request::dispatch) INFO: Error on WP Remote Post Request: WP_Error::__set_state(array(
   'errors' => 
  array (
    'http_request_failed' => 
    array (
      0 => 'Operation timed out after 1000 milliseconds with 0 bytes received',
    ),
  ),
   'error_data' => 
  array (
  ),
)) 
** Close LOG File ** 
** Open LOG File ** 
2016-08-04 10:31:58 (V2 WPBackItUp_Async_Request::dispatch) INFO: Error on WP Remote Post Request: WP_Error::__set_state(array(
   'errors' => 
  array (
    'http_request_failed' => 
    array (
      0 => 'Operation timed out after 1000 milliseconds with 0 bytes received',
    ),
  ),
   'error_data' => 
  array (
  ),
)) 
** Close LOG File ** 
** Open LOG File ** 
2016-08-04 10:32:27 (V2 WPBackItUp_Async_Request::dispatch) INFO: Error on WP Remote Post Request: WP_Error::__set_state(array(
   'errors' => 
  array (
    'http_request_failed' => 
    array (
      0 => 'Operation timed out after 1000 milliseconds with 0 bytes received',
    ),
  ),
   'error_data' => 
  array (
  ),
)) 
** Close LOG File ** 
** Open LOG File ** 
2016-08-04 10:33:02 (V2 WPBackItUp_Async_Request::dispatch) INFO: Error on WP Remote Post Request: WP_Error::__set_state(array(
   'errors' => 
  array (
    'http_request_failed' => 
    array (
      0 => 'Operation timed out after 1000 milliseconds with 0 bytes received',
    ),
  ),
   'error_data' => 
  array (
  ),
)) 
** Close LOG File ** 
** Open LOG File ** 
2016-08-04 10:33:30 (V2 WPBackItUp_Async_Request::dispatch) INFO: Error on WP Remote Post Request: WP_Error::__set_state(array(
   'errors' => 
  array (
    'http_request_failed' => 
    array (
      0 => 'Operation timed out after 1000 milliseconds with 0 bytes received',
    ),
  ),
   'error_data' => 
  array (
  ),
)) 
** Close LOG File ** 
** Open LOG File ** 
2016-08-04 10:34:13 (V2 WPBackItUp_Async_Request::dispatch) INFO: Error on WP Remote Post Request: WP_Error::__set_state(array(
   'errors' => 
  array (
    'http_request_failed' => 
    array (
      0 => 'Operation timed out after 1000 milliseconds with 0 bytes received',
    ),
  ),
   'error_data' => 
  array (
  ),
)) 
** Close LOG File ** 
** Open LOG File ** 
2016-08-04 10:34:49 (V2 WPBackItUp_Async_Request::dispatch) INFO: Error on WP Remote Post Request: WP_Error::__set_state(array(
   'errors' => 
  array (
    'http_request_failed' => 
    array (
      0 => 'Operation timed out after 1000 milliseconds with 0 bytes received',
    ),
  ),
   'error_data' => 
  array (
  ),
)) 
** Close LOG File ** 
** Open LOG File ** 
2016-08-04 10:36:11 (V2 WPBackItUp_Async_Request::dispatch) INFO: Error on WP Remote Post Request: WP_Error::__set_state(array(
   'errors' => 
  array (
    'http_request_failed' => 
    array (
      0 => 'Operation timed out after 1000 milliseconds with 0 bytes received',
    ),
  ),
   'error_data' => 
  array (
  ),
)) 
** Close LOG File ** 
** Open LOG File ** 
2016-08-04 10:36:33 (V2 WPBackItUp_Async_Request::dispatch) INFO: Error on WP Remote Post Request: WP_Error::__set_state(array(
   'errors' => 
  array (
    'http_request_failed' => 
    array (
      0 => 'Operation timed out after 1000 milliseconds with 0 bytes received',
    ),
  ),
   'error_data' => 
  array (
  ),
)) 
** Close LOG File ** 
** Open LOG File ** 
2016-08-04 10:37:13 (V2 WPBackItUp_Async_Request::dispatch) INFO: Error on WP Remote Post Request: WP_Error::__set_state(array(
   'errors' => 
  array (
    'http_request_failed' => 
    array (
      0 => 'Operation timed out after 1000 milliseconds with 0 bytes received',
    ),
  ),
   'error_data' => 
  array (
  ),
)) 
** Close LOG File ** 
** Open LOG File ** 
2016-08-04 10:37:36 (V2 WPBackItUp_Async_Request::dispatch) INFO: Error on WP Remote Post Request: WP_Error::__set_state(array(
   'errors' => 
  array (
    'http_request_failed' => 
    array (
      0 => 'Operation timed out after 1000 milliseconds with 0 bytes received',
    ),
  ),
   'error_data' => 
  array (
  ),
)) 
** Close LOG File ** 
** Open LOG File ** 
2016-08-04 11:16:59 (V2 WPBackItUp_Async_Request::dispatch) INFO: Error on WP Remote Post Request: WP_Error::__set_state(array(
   'errors' => 
  array (
    'http_request_failed' => 
    array (
      0 => 'Operation timed out after 1000 milliseconds with 0 bytes received',
    ),
  ),
   'error_data' => 
  array (
  ),
)) 
** Close LOG File ** 
** Open LOG File ** 
2016-08-04 11:17:22 (V2 WPBackItUp_Async_Request::dispatch) INFO: Error on WP Remote Post Request: WP_Error::__set_state(array(
   'errors' => 
  array (
    'http_request_failed' => 
    array (
      0 => 'Operation timed out after 1000 milliseconds with 0 bytes received',
    ),
  ),
   'error_data' => 
  array (
  ),
)) 
** Close LOG File ** 
** Open LOG File ** 
2016-08-04 11:26:24 (V2 WPBackItUp_Async_Request::dispatch) INFO: Error on WP Remote Post Request: WP_Error::__set_state(array(
   'errors' => 
  array (
    'http_request_failed' => 
    array (
      0 => 'Operation timed out after 1000 milliseconds with 0 bytes received',
    ),
  ),
   'error_data' => 
  array (
  ),
)) 
** Close LOG File ** 
** Open LOG File ** 
2016-08-04 11:26:48 (V2 WPBackItUp_Async_Request::dispatch) INFO: Error on WP Remote Post Request: WP_Error::__set_state(array(
   'errors' => 
  array (
    'http_request_failed' => 
    array (
      0 => 'Operation timed out after 1000 milliseconds with 0 bytes received',
    ),
  ),
   'error_data' => 
  array (
  ),
)) 
** Close LOG File ** 
** Open LOG File ** 
2016-08-04 11:28:09 (V2 WPBackItUp_Async_Request::dispatch) INFO: Error on WP Remote Post Request: WP_Error::__set_state(array(
   'errors' => 
  array (
    'http_request_failed' => 
    array (
      0 => 'Operation timed out after 1000 milliseconds with 0 bytes received',
    ),
  ),
   'error_data' => 
  array (
  ),
)) 
** Close LOG File ** 
** Open LOG File ** 
2016-08-04 11:28:34 (V2 WPBackItUp_Async_Request::dispatch) INFO: Error on WP Remote Post Request: WP_Error::__set_state(array(
   'errors' => 
  array (
    'http_request_failed' => 
    array (
      0 => 'Operation timed out after 1000 milliseconds with 0 bytes received',
    ),
  ),
   'error_data' => 
  array (
  ),
)) 
** Close LOG File ** 
** Open LOG File ** 
2016-08-04 11:29:43 (V2 WPBackItUp_Async_Request::dispatch) INFO: Error on WP Remote Post Request: WP_Error::__set_state(array(
   'errors' => 
  array (
    'http_request_failed' => 
    array (
      0 => 'Operation timed out after 1000 milliseconds with 0 bytes received',
    ),
  ),
   'error_data' => 
  array (
  ),
)) 
** Close LOG File ** 
** Open LOG File ** 
2016-08-04 11:30:06 (V2 WPBackItUp_Async_Request::dispatch) INFO: Error on WP Remote Post Request: WP_Error::__set_state(array(
   'errors' => 
  array (
    'http_request_failed' => 
    array (
      0 => 'Operation timed out after 1000 milliseconds with 0 bytes received',
    ),
  ),
   'error_data' => 
  array (
  ),
)) 
** Close LOG File ** 
** Open LOG File ** 
2016-08-04 11:31:53 (V2 WPBackItUp_Async_Request::dispatch) INFO: Error on WP Remote Post Request: WP_Error::__set_state(array(
   'errors' => 
  array (
    'http_request_failed' => 
    array (
      0 => 'Operation timed out after 1000 milliseconds with 0 bytes received',
    ),
  ),
   'error_data' => 
  array (
  ),
)) 
** Close LOG File ** 
** Open LOG File ** 
2016-08-04 11:32:31 (V2 WPBackItUp_Async_Request::dispatch) INFO: Error on WP Remote Post Request: WP_Error::__set_state(array(
   'errors' => 
  array (
    'http_request_failed' => 
    array (
      0 => 'Operation timed out after 1000 milliseconds with 0 bytes received',
    ),
  ),
   'error_data' => 
  array (
  ),
)) 
** Close LOG File ** 
** Open LOG File ** 
2016-08-04 11:35:40 (V2 WPBackItUp_Async_Request::dispatch) INFO: Error on WP Remote Post Request: WP_Error::__set_state(array(
   'errors' => 
  array (
    'http_request_failed' => 
    array (
      0 => 'Operation timed out after 1000 milliseconds with 0 bytes received',
    ),
  ),
   'error_data' => 
  array (
  ),
)) 
** Close LOG File ** 
** Open LOG File ** 
2016-08-04 11:36:03 (V2 WPBackItUp_Async_Request::dispatch) INFO: Error on WP Remote Post Request: WP_Error::__set_state(array(
   'errors' => 
  array (
    'http_request_failed' => 
    array (
      0 => 'Operation timed out after 1000 milliseconds with 0 bytes received',
    ),
  ),
   'error_data' => 
  array (
  ),
)) 
** Close LOG File ** 
** Open LOG File ** 
2016-08-04 11:39:10 (V2 WPBackItUp_Async_Request::dispatch) INFO: Error on WP Remote Post Request: WP_Error::__set_state(array(
   'errors' => 
  array (
    'http_request_failed' => 
    array (
      0 => 'Operation timed out after 1000 milliseconds with 0 bytes received',
    ),
  ),
   'error_data' => 
  array (
  ),
)) 
** Close LOG File ** 
** Open LOG File ** 
2016-08-04 11:39:33 (V2 WPBackItUp_Async_Request::dispatch) INFO: Error on WP Remote Post Request: WP_Error::__set_state(array(
   'errors' => 
  array (
    'http_request_failed' => 
    array (
      0 => 'Operation timed out after 1000 milliseconds with 0 bytes received',
    ),
  ),
   'error_data' => 
  array (
  ),
)) 
** Close LOG File ** 
** Open LOG File ** 
2016-08-04 11:39:53 (V2 WPBackItUp_Async_Request::dispatch) INFO: Error on WP Remote Post Request: WP_Error::__set_state(array(
   'errors' => 
  array (
    'http_request_failed' => 
    array (
      0 => 'Operation timed out after 1000 milliseconds with 0 bytes received',
    ),
  ),
   'error_data' => 
  array (
  ),
)) 
** Close LOG File ** 
** Open LOG File ** 
2016-08-04 11:40:16 (V2 WPBackItUp_Async_Request::dispatch) INFO: Error on WP Remote Post Request: WP_Error::__set_state(array(
   'errors' => 
  array (
    'http_request_failed' => 
    array (
      0 => 'Operation timed out after 1000 milliseconds with 0 bytes received',
    ),
  ),
   'error_data' => 
  array (
  ),
)) 
** Close LOG File ** 
** Open LOG File ** 
2016-08-04 11:40:40 (V2 WPBackItUp_Async_Request::dispatch) INFO: Error on WP Remote Post Request: WP_Error::__set_state(array(
   'errors' => 
  array (
    'http_request_failed' => 
    array (
      0 => 'Operation timed out after 1000 milliseconds with 0 bytes received',
    ),
  ),
   'error_data' => 
  array (
  ),
)) 
** Close LOG File ** 
** Open LOG File ** 
2016-08-04 11:41:21 (V2 WPBackItUp_Async_Request::dispatch) INFO: Error on WP Remote Post Request: WP_Error::__set_state(array(
   'errors' => 
  array (
    'http_request_failed' => 
    array (
      0 => 'Operation timed out after 1000 milliseconds with 0 bytes received',
    ),
  ),
   'error_data' => 
  array (
  ),
)) 
** Close LOG File ** 
** Open LOG File ** 
2016-08-04 11:41:47 (V2 WPBackItUp_Async_Request::dispatch) INFO: Error on WP Remote Post Request: WP_Error::__set_state(array(
   'errors' => 
  array (
    'http_request_failed' => 
    array (
      0 => 'Operation timed out after 1000 milliseconds with 0 bytes received',
    ),
  ),
   'error_data' => 
  array (
  ),
)) 
** Close LOG File ** 
** Open LOG File ** 
2016-08-04 11:42:20 (V2 WPBackItUp_Async_Request::dispatch) INFO: Error on WP Remote Post Request: WP_Error::__set_state(array(
   'errors' => 
  array (
    'http_request_failed' => 
    array (
      0 => 'Operation timed out after 1000 milliseconds with 0 bytes received',
    ),
  ),
   'error_data' => 
  array (
  ),
)) 
** Close LOG File ** 
** Open LOG File ** 
2016-08-04 11:42:45 (V2 WPBackItUp_Async_Request::dispatch) INFO: Error on WP Remote Post Request: WP_Error::__set_state(array(
   'errors' => 
  array (
    'http_request_failed' => 
    array (
      0 => 'Operation timed out after 1000 milliseconds with 0 bytes received',
    ),
  ),
   'error_data' => 
  array (
  ),
)) 
** Close LOG File ** 
** Open LOG File ** 
2016-08-04 11:43:27 (V2 WPBackItUp_Async_Request::dispatch) INFO: Error on WP Remote Post Request: WP_Error::__set_state(array(
   'errors' => 
  array (
    'http_request_failed' => 
    array (
      0 => 'Operation timed out after 1000 milliseconds with 0 bytes received',
    ),
  ),
   'error_data' => 
  array (
  ),
)) 
** Close LOG File ** 
** Open LOG File ** 
2016-08-04 11:44:36 (V2 WPBackItUp_Async_Request::dispatch) INFO: Error on WP Remote Post Request: WP_Error::__set_state(array(
   'errors' => 
  array (
    'http_request_failed' => 
    array (
      0 => 'Operation timed out after 1000 milliseconds with 0 bytes received',
    ),
  ),
   'error_data' => 
  array (
  ),
)) 
** Close LOG File ** 
** Open LOG File ** 
** Open LOG File ** 
2016-08-04 11:50:16 (V2 WPBackItUp_Async_Request::dispatch) INFO: Error on WP Remote Post Request: WP_Error::__set_state(array(
   'errors' => 
  array (
    'http_request_failed' => 
    array (
      0 => 'Operation timed out after 1000 milliseconds with 0 bytes received',
    ),
  ),
   'error_data' => 
  array (
  ),
)) 
** Close LOG File ** 
 WPBackItUp_Async_Request::dispatch) INFO: Error on WP Remote Post Request: WP_Error::__set_state(array(
   'errors' => 
  array (
    'http_request_failed' => 
    array (
      0 => 'Operation timed out after 1000 milliseconds with 0 bytes received',
    ),
  ),
   'error_data' => 
  array (
  ),
)) 
** Close LOG File ** 
** Close LOG File ** 
** Open LOG File ** 
2016-08-04 11:56:45 (V2 WPBackItUp_Async_Request::dispatch) INFO: Error on WP Remote Post Request: WP_Error::__set_state(array(
   'errors' => 
  array (
    'http_request_failed' => 
    array (
      0 => 'Operation timed out after 1000 milliseconds with 0 bytes received',
    ),
  ),
   'error_data' => 
  array (
  ),
)) 
** Close LOG File ** 
** Open LOG File ** 
2016-08-04 11:57:16 (V2 WPBackItUp_Async_Request::dispatch) INFO: Error on WP Remote Post Request: WP_Error::__set_state(array(
   'errors' => 
  array (
    'http_request_failed' => 
    array (
      0 => 'Operation timed out after 1000 milliseconds with 0 bytes received',
    ),
  ),
   'error_data' => 
  array (
  ),
)) 
** Close LOG File ** 
** Open LOG File ** 
2016-08-04 11:57:57 (V2 WPBackItUp_Async_Request::dispatch) INFO: Error on WP Remote Post Request: WP_Error::__set_state(array(
   'errors' => 
  array (
    'http_request_failed' => 
    array (
      0 => 'Operation timed out after 1000 milliseconds with 0 bytes received',
    ),
  ),
   'error_data' => 
  array (
  ),
)) 
** Close LOG File ** 
** Open LOG File ** 
2016-08-04 11:58:26 (V2 WPBackItUp_Async_Request::dispatch) INFO: Error on WP Remote Post Request: WP_Error::__set_state(array(
   'errors' => 
  array (
    'http_request_failed' => 
    array (
      0 => 'Operation timed out after 1000 milliseconds with 0 bytes received',
    ),
  ),
   'error_data' => 
  array (
  ),
)) 
** Close LOG File ** 
** Open LOG File ** 
2016-08-04 11:58:57 (V2 WPBackItUp_Async_Request::dispatch) INFO: Error on WP Remote Post Request: WP_Error::__set_state(array(
   'errors' => 
  array (
    'http_request_failed' => 
    array (
      0 => 'Operation timed out after 1000 milliseconds with 0 bytes received',
    ),
  ),
   'error_data' => 
  array (
  ),
)) 
** Close LOG File ** 
** Open LOG File ** 
2016-08-04 11:59:22 (V2 WPBackItUp_Async_Request::dispatch) INFO: Error on WP Remote Post Request: WP_Error::__set_state(array(
   'errors' => 
  array (
    'http_request_failed' => 
    array (
      0 => 'Operation timed out after 1000 milliseconds with 0 bytes received',
    ),
  ),
   'error_data' => 
  array (
  ),
)) 
** Close LOG File ** 
** Open LOG File ** 
2016-08-04 12:00:00 (V2 WPBackItUp_Async_Request::dispatch) INFO: Error on WP Remote Post Request: WP_Error::__set_state(array(
   'errors' => 
  array (
    'http_request_failed' => 
    array (
      0 => 'Operation timed out after 1000 milliseconds with 0 bytes received',
    ),
  ),
   'error_data' => 
  array (
  ),
)) 
** Close LOG File ** 
** Open LOG File ** 
2016-08-04 12:00:22 (V2 WPBackItUp_Async_Request::dispatch) INFO: Error on WP Remote Post Request: WP_Error::__set_state(array(
   'errors' => 
  array (
    'http_request_failed' => 
    array (
      0 => 'Operation timed out after 1000 milliseconds with 0 bytes received',
    ),
  ),
   'error_data' => 
  array (
  ),
)) 
** Close LOG File ** 
** Open LOG File ** 
2016-08-04 13:05:54 (V2 WPBackItUp_Async_Request::dispatch) INFO: Error on WP Remote Post Request: WP_Error::__set_state(array(
   'errors' => 
  array (
    'http_request_failed' => 
    array (
      0 => 'Operation timed out after 1000 milliseconds with 0 bytes received',
    ),
  ),
   'error_data' => 
  array (
  ),
)) 
** Close LOG File ** 
** Open LOG File ** 
2016-08-04 13:06:17 (V2 WPBackItUp_Async_Request::dispatch) INFO: Error on WP Remote Post Request: WP_Error::__set_state(array(
   'errors' => 
  array (
    'http_request_failed' => 
    array (
      0 => 'Operation timed out after 1000 milliseconds with 0 bytes received',
    ),
  ),
   'error_data' => 
  array (
  ),
)) 
** Close LOG File ** 
